<?xml version="1.0" encoding="UTF-8"?>
<testng-results ignored="0" total="0" passed="0" failed="0" skipped="0">
  <reporter-output>
  </reporter-output>
  <suite started-at="2026-07-14T00:54:45 IST" name="Surefire suite" finished-at="2026-07-14T00:55:05 IST" duration-ms="19718">
    <groups>
    </groups>
    <test started-at="2026-07-14T00:54:45 IST" name="Surefire test" finished-at="2026-07-14T00:55:05 IST" duration-ms="19718">
    </test> <!-- Surefire test -->
  </suite> <!-- Surefire suite -->
</testng-results>
